<?xml version="1.0" encoding="utf-8"?><testsuites name="pytest tests"><testsuite name="pytest" errors="0" failures="0" skipped="0" tests="7" time="2.539" timestamp="2026-01-30T17:10:33.034925+00:00" hostname="agent-env-9e8c7aac-7bae-4965-b4b3-bc396d3dde2e"><testcase classname="backend.tests.test_backtest_api.TestBacktestStatusEndpoint" name="test_backtest_status_structure" time="0.069" /><testcase classname="backend.tests.test_backtest_api.TestBacktestResultEndpoint" name="test_backtest_result_no_result" time="0.040" /><testcase classname="backend.tests.test_backtest_api.TestBacktestHistoryEndpoint" name="test_backtest_history_returns_array" time="0.045" /><testcase classname="backend.tests.test_backtest_api.TestBacktestStartEndpoint" name="test_backtest_start_without_model" time="2.114" /><testcase classname="backend.tests.test_backtest_api.TestBacktestStopEndpoint" name="test_backtest_stop_when_not_running" time="0.034" /><testcase classname="backend.tests.test_backtest_api.TestSavedModelsEndpoint" name="test_get_saved_models" time="0.039" /><testcase classname="backend.tests.test_backtest_api.TestBacktestIntegration" name="test_full_backtest_flow" time="0.138" /></testsuite></testsuites>