<?xml version="1.0" encoding="utf-8"?><testsuites name="pytest tests"><testsuite name="pytest" errors="0" failures="1" skipped="0" tests="10" time="1.138" timestamp="2026-02-01T20:38:17.734115+00:00" hostname="agent-env-b46f4e2e-d4a8-491c-a77d-6b3c1aba8124"><testcase classname="backend.tests.test_date_range_feature.TestDataPreviewEndpoint" name="test_data_preview_basic" time="0.096" /><testcase classname="backend.tests.test_date_range_feature.TestDataPreviewEndpoint" name="test_data_preview_with_date_range_2022_2024" time="0.041" /><testcase classname="backend.tests.test_date_range_feature.TestDataPreviewEndpoint" name="test_data_preview_with_large_date_range" time="0.039" /><testcase classname="backend.tests.test_date_range_feature.TestDataPreviewEndpoint" name="test_data_preview_size_warning_for_large_dataset" time="0.042" /><testcase classname="backend.tests.test_date_range_feature.TestDataPreviewEndpoint" name="test_data_preview_eth_symbol" time="0.077" /><testcase classname="backend.tests.test_date_range_feature.TestAdvancedTrainingWithDateRange" name="test_advanced_training_status" time="0.036"><failure message="AssertionError: assert 'progress' in {'current_accuracy': 0, 'current_epoch': 0, 'current_loss': 0, 'data_info': None, ...}">backend/tests/test_date_range_feature.py:142: in test_advanced_training_status
    assert "progress" in data
E   AssertionError: assert 'progress' in {'current_accuracy': 0, 'current_epoch': 0, 'current_loss': 0, 'data_info': None, ...}</failure></testcase><testcase classname="backend.tests.test_date_range_feature.TestAdvancedTrainingWithDateRange" name="test_advanced_training_start_with_date_range" time="0.576" /><testcase classname="backend.tests.test_date_range_feature.TestExchangeStatus" name="test_exchange_status" time="0.040" /><testcase classname="backend.tests.test_date_range_feature.TestHealthAndBasicEndpoints" name="test_health_check" time="0.075" /><testcase classname="backend.tests.test_date_range_feature.TestHealthAndBasicEndpoints" name="test_market_symbols" time="0.038" /></testsuite></testsuites>