<?xml version="1.0" encoding="utf-8"?><testsuites name="pytest tests"><testsuite name="pytest" errors="0" failures="0" skipped="0" tests="10" time="1.024" timestamp="2026-02-01T20:38:39.147748+00:00" hostname="agent-env-b46f4e2e-d4a8-491c-a77d-6b3c1aba8124"><testcase classname="backend.tests.test_date_range_feature.TestDataPreviewEndpoint" name="test_data_preview_basic" time="0.060" /><testcase classname="backend.tests.test_date_range_feature.TestDataPreviewEndpoint" name="test_data_preview_with_date_range_2022_2024" time="0.034" /><testcase classname="backend.tests.test_date_range_feature.TestDataPreviewEndpoint" name="test_data_preview_with_large_date_range" time="0.035" /><testcase classname="backend.tests.test_date_range_feature.TestDataPreviewEndpoint" name="test_data_preview_size_warning_for_large_dataset" time="0.040" /><testcase classname="backend.tests.test_date_range_feature.TestDataPreviewEndpoint" name="test_data_preview_eth_symbol" time="0.042" /><testcase classname="backend.tests.test_date_range_feature.TestAdvancedTrainingWithDateRange" name="test_advanced_training_status" time="0.039" /><testcase classname="backend.tests.test_date_range_feature.TestAdvancedTrainingWithDateRange" name="test_advanced_training_start_with_date_range" time="0.592" /><testcase classname="backend.tests.test_date_range_feature.TestExchangeStatus" name="test_exchange_status" time="0.047" /><testcase classname="backend.tests.test_date_range_feature.TestHealthAndBasicEndpoints" name="test_health_check" time="0.036" /><testcase classname="backend.tests.test_date_range_feature.TestHealthAndBasicEndpoints" name="test_market_symbols" time="0.033" /></testsuite></testsuites>