<?xml version="1.0" encoding="utf-8"?><testsuites name="pytest tests"><testsuite name="pytest" errors="0" failures="0" skipped="0" tests="24" time="379.922" timestamp="2026-02-02T23:32:59.865322+00:00" hostname="agent-env-b46f4e2e-d4a8-491c-a77d-6b3c1aba8124"><testcase classname="backend.tests.test_portfolio_phase2.TestPortfolioModelInfo" name="test_model_info_returns_dl_status" time="0.081" /><testcase classname="backend.tests.test_portfolio_phase2.TestPortfolioModelInfo" name="test_model_info_returns_rl_status" time="0.042" /><testcase classname="backend.tests.test_portfolio_phase2.TestPortfolioModelInfo" name="test_model_info_dl_details_when_trained" time="0.040" /><testcase classname="backend.tests.test_portfolio_phase2.TestPortfolioModelInfo" name="test_model_info_rl_details_when_trained" time="0.041" /><testcase classname="backend.tests.test_portfolio_phase2.TestPortfolioTrainModel" name="test_train_model_endpoint_exists" time="2.413" /><testcase classname="backend.tests.test_portfolio_phase2.TestPortfolioTrainModel" name="test_train_dl_model_returns_started" time="7.580" /><testcase classname="backend.tests.test_portfolio_phase2.TestPortfolioTrainModel" name="test_train_rl_agent_returns_started" time="7.274" /><testcase classname="backend.tests.test_portfolio_phase2.TestPortfolioTrainModel" name="test_train_invalid_model_type" time="326.801" /><testcase classname="backend.tests.test_portfolio_phase2.TestPortfolioOptimizePhase2" name="test_optimize_deep_learning_strategy" time="2.364" /><testcase classname="backend.tests.test_portfolio_phase2.TestPortfolioOptimizePhase2" name="test_optimize_rl_agent_strategy" time="2.067" /><testcase classname="backend.tests.test_portfolio_phase2.TestPortfolioOptimizePhase2" name="test_optimize_hybrid_strategy" time="2.336" /><testcase classname="backend.tests.test_portfolio_phase2.TestPortfolioOptimizePhase2" name="test_optimize_compare_all_returns_4_strategies" time="2.307" /><testcase classname="backend.tests.test_portfolio_phase2.TestPortfolioOptimizePhase2" name="test_compare_all_traditional_ml_success" time="2.335" /><testcase classname="backend.tests.test_portfolio_phase2.TestPortfolioOptimizePhase2" name="test_compare_all_dl_status_correct" time="2.343" /><testcase classname="backend.tests.test_portfolio_phase2.TestPortfolioOptimizePhase2" name="test_compare_all_rl_status_correct" time="2.349" /><testcase classname="backend.tests.test_portfolio_phase2.TestPortfolioOptimizePhase2" name="test_compare_all_returns_recommended_strategy" time="2.302" /><testcase classname="backend.tests.test_portfolio_phase2.TestPortfolioOptimizePhase2" name="test_compare_all_returns_training_status" time="2.066" /><testcase classname="backend.tests.test_portfolio_phase2.TestPhase2AllocationStructure" name="test_dl_allocations_sum_to_100" time="2.098" /><testcase classname="backend.tests.test_portfolio_phase2.TestPhase2AllocationStructure" name="test_rl_allocations_sum_to_100" time="2.131" /><testcase classname="backend.tests.test_portfolio_phase2.TestPhase2AllocationStructure" name="test_hybrid_allocations_sum_to_100" time="2.068" /><testcase classname="backend.tests.test_portfolio_phase2.TestPhase2AllocationStructure" name="test_dl_metrics_structure" time="2.237" /><testcase classname="backend.tests.test_portfolio_phase2.TestPhase2AllocationStructure" name="test_rl_metrics_structure" time="2.149" /><testcase classname="backend.tests.test_portfolio_phase2.TestHybridStrategyDetails" name="test_hybrid_includes_strategies_combined" time="2.181" /><testcase classname="backend.tests.test_portfolio_phase2.TestHybridStrategyDetails" name="test_hybrid_combines_trained_models" time="2.226" /></testsuite></testsuites>