<?xml version="1.0" encoding="utf-8"?><testsuites name="pytest tests"><testsuite name="pytest" errors="0" failures="0" skipped="0" tests="14" time="1.362" timestamp="2026-02-03T07:51:10.173225+00:00" hostname="agent-env-b46f4e2e-d4a8-491c-a77d-6b3c1aba8124"><testcase classname="backend.tests.test_portfolio_model_persistence.TestPortfolioModelList" name="test_list_models_endpoint" time="0.098" /><testcase classname="backend.tests.test_portfolio_model_persistence.TestPortfolioModelList" name="test_list_models_contains_existing_models" time="0.039" /><testcase classname="backend.tests.test_portfolio_model_persistence.TestPortfolioModelList" name="test_model_metadata_structure" time="0.034" /><testcase classname="backend.tests.test_portfolio_model_persistence.TestPortfolioModelLoad" name="test_load_dl_model" time="0.153" /><testcase classname="backend.tests.test_portfolio_model_persistence.TestPortfolioModelLoad" name="test_load_rl_model" time="0.142" /><testcase classname="backend.tests.test_portfolio_model_persistence.TestPortfolioModelLoad" name="test_load_nonexistent_model" time="0.037" /><testcase classname="backend.tests.test_portfolio_model_persistence.TestPortfolioModelLoad" name="test_load_invalid_model_type" time="0.036" /><testcase classname="backend.tests.test_portfolio_model_persistence.TestPortfolioModelInfo" name="test_model_info_after_load" time="0.173" /><testcase classname="backend.tests.test_portfolio_model_persistence.TestPortfolioModelSave" name="test_save_dl_model_without_training" time="0.084" /><testcase classname="backend.tests.test_portfolio_model_persistence.TestPortfolioModelSave" name="test_save_rl_model_without_training" time="0.067" /><testcase classname="backend.tests.test_portfolio_model_persistence.TestPortfolioModelDelete" name="test_delete_nonexistent_model" time="0.035" /><testcase classname="backend.tests.test_portfolio_model_persistence.TestPortfolioModelDelete" name="test_delete_invalid_model_type" time="0.030" /><testcase classname="backend.tests.test_portfolio_model_persistence.TestPortfolioModelIntegration" name="test_load_and_verify_model_info" time="0.322" /><testcase classname="backend.tests.test_portfolio_model_persistence.TestPortfolioModelIntegration" name="test_list_models_returns_correct_count" time="0.035" /></testsuite></testsuites>