<?xml version="1.0" encoding="utf-8"?><testsuites name="pytest tests"><testsuite name="pytest" errors="0" failures="0" skipped="0" tests="20" time="25.663" timestamp="2026-02-02T23:05:32.995960+00:00" hostname="agent-env-b46f4e2e-d4a8-491c-a77d-6b3c1aba8124"><testcase classname="backend.tests.test_portfolio_api.TestPortfolioAssets" name="test_get_available_assets" time="0.496" /><testcase classname="backend.tests.test_portfolio_api.TestPortfolioAssets" name="test_assets_include_strategies" time="0.041" /><testcase classname="backend.tests.test_portfolio_api.TestPortfolioAssets" name="test_assets_include_objectives" time="0.039" /><testcase classname="backend.tests.test_portfolio_api.TestPortfolioAssets" name="test_assets_include_horizons" time="0.039" /><testcase classname="backend.tests.test_portfolio_api.TestPortfolioFetchData" name="test_fetch_data_for_5_assets" time="1.341" /><testcase classname="backend.tests.test_portfolio_api.TestPortfolioFetchData" name="test_fetch_data_returns_statistics" time="0.431" /><testcase classname="backend.tests.test_portfolio_api.TestPortfolioFetchData" name="test_fetch_data_returns_correlation_data" time="0.629" /><testcase classname="backend.tests.test_portfolio_api.TestPortfolioOptimize" name="test_optimize_traditional_ml_strategy" time="2.111" /><testcase classname="backend.tests.test_portfolio_api.TestPortfolioOptimize" name="test_optimize_returns_allocations" time="2.068" /><testcase classname="backend.tests.test_portfolio_api.TestPortfolioOptimize" name="test_optimize_returns_metrics" time="2.077" /><testcase classname="backend.tests.test_portfolio_api.TestPortfolioOptimize" name="test_optimize_compare_all_strategies" time="2.085" /><testcase classname="backend.tests.test_portfolio_api.TestPortfolioOptimize" name="test_optimize_with_constraints" time="2.063" /><testcase classname="backend.tests.test_portfolio_api.TestPortfolioOptimize" name="test_optimize_different_objectives" time="2.160" /><testcase classname="backend.tests.test_portfolio_api.TestEfficientFrontier" name="test_get_efficient_frontier" time="2.178" /><testcase classname="backend.tests.test_portfolio_api.TestEfficientFrontier" name="test_efficient_frontier_structure" time="2.107" /><testcase classname="backend.tests.test_portfolio_api.TestCorrelationMatrix" name="test_get_correlation_matrix" time="2.063" /><testcase classname="backend.tests.test_portfolio_api.TestCorrelationMatrix" name="test_correlation_includes_diversification_pairs" time="2.090" /><testcase classname="backend.tests.test_portfolio_api.TestPortfolioModelInfo" name="test_get_model_info" time="0.042" /><testcase classname="backend.tests.test_portfolio_api.TestPortfolioModelInfo" name="test_get_training_status" time="0.037" /><testcase classname="backend.tests.test_portfolio_api.TestPortfolioStatistics" name="test_get_statistics" time="1.469" /></testsuite></testsuites>