<?xml version="1.0" encoding="utf-8"?><testsuites name="pytest tests"><testsuite name="pytest" errors="0" failures="0" skipped="0" tests="16" time="35.743" timestamp="2026-02-03T00:02:52.620422+00:00" hostname="agent-env-b46f4e2e-d4a8-491c-a77d-6b3c1aba8124"><testcase classname="backend.tests.test_portfolio_phase2.TestPortfolioModelInfo" name="test_model_info_returns_dl_status" time="2.090" /><testcase classname="backend.tests.test_portfolio_phase2.TestPortfolioModelInfo" name="test_model_info_returns_rl_status" time="0.042" /><testcase classname="backend.tests.test_portfolio_phase2.TestPortfolioOptimizePhase2" name="test_optimize_deep_learning_strategy" time="2.428" /><testcase classname="backend.tests.test_portfolio_phase2.TestPortfolioOptimizePhase2" name="test_optimize_rl_agent_strategy" time="2.131" /><testcase classname="backend.tests.test_portfolio_phase2.TestPortfolioOptimizePhase2" name="test_optimize_hybrid_strategy" time="3.927" /><testcase classname="backend.tests.test_portfolio_phase2.TestPortfolioOptimizePhase2" name="test_optimize_compare_all_returns_4_strategies" time="2.315" /><testcase classname="backend.tests.test_portfolio_phase2.TestPortfolioOptimizePhase2" name="test_compare_all_traditional_ml_success" time="2.316" /><testcase classname="backend.tests.test_portfolio_phase2.TestPortfolioOptimizePhase2" name="test_compare_all_dl_status_correct" time="2.391" /><testcase classname="backend.tests.test_portfolio_phase2.TestPortfolioOptimizePhase2" name="test_compare_all_rl_status_correct" time="2.450" /><testcase classname="backend.tests.test_portfolio_phase2.TestPortfolioOptimizePhase2" name="test_compare_all_returns_recommended_strategy" time="2.313" /><testcase classname="backend.tests.test_portfolio_phase2.TestPhase2AllocationStructure" name="test_dl_allocations_sum_to_100" time="2.195" /><testcase classname="backend.tests.test_portfolio_phase2.TestPhase2AllocationStructure" name="test_rl_allocations_sum_to_100" time="2.217" /><testcase classname="backend.tests.test_portfolio_phase2.TestPhase2AllocationStructure" name="test_hybrid_allocations_sum_to_100" time="2.187" /><testcase classname="backend.tests.test_portfolio_phase2.TestPhase2AllocationStructure" name="test_dl_metrics_structure" time="2.242" /><testcase classname="backend.tests.test_portfolio_phase2.TestPhase2AllocationStructure" name="test_rl_metrics_structure" time="2.194" /><testcase classname="backend.tests.test_portfolio_phase2.TestHybridStrategyDetails" name="test_hybrid_includes_strategies_combined" time="2.244" /></testsuite></testsuites>