<?xml version="1.0" encoding="utf-8"?><testsuites name="pytest tests"><testsuite name="pytest" errors="0" failures="0" skipped="0" tests="14" time="42.076" timestamp="2026-01-30T15:03:41.608579+00:00" hostname="agent-env-cd75f35d-f5db-41c3-9cc8-56c2da335428"><testcase classname="backend.tests.test_api.TestHealthEndpoint" name="test_health_check" time="0.072" /><testcase classname="backend.tests.test_api.TestHealthEndpoint" name="test_root_endpoint" time="0.040" /><testcase classname="backend.tests.test_api.TestMarketDataEndpoints" name="test_get_symbols" time="0.039" /><testcase classname="backend.tests.test_api.TestMarketDataEndpoints" name="test_get_market_data_btc" time="0.385" /><testcase classname="backend.tests.test_api.TestMarketDataEndpoints" name="test_get_latest_price_btc" time="0.090" /><testcase classname="backend.tests.test_api.TestPredictionEndpoints" name="test_make_prediction_btc" time="5.190" /><testcase classname="backend.tests.test_api.TestPredictionEndpoints" name="test_prediction_history" time="0.216" /><testcase classname="backend.tests.test_api.TestTrainingEndpoints" name="test_training_status" time="0.033" /><testcase classname="backend.tests.test_api.TestTrainingEndpoints" name="test_start_training_pure_ml" time="5.322" /><testcase classname="backend.tests.test_api.TestTrainingEndpoints" name="test_start_training_mathematical" time="12.528" /><testcase classname="backend.tests.test_api.TestTrainingEndpoints" name="test_training_history" time="17.165" /><testcase classname="backend.tests.test_api.TestDashboardEndpoints" name="test_dashboard_stats" time="0.062" /><testcase classname="backend.tests.test_api.TestSentimentEndpoints" name="test_aggregate_sentiment" time="0.677" /><testcase classname="backend.tests.test_api.TestModelEndpoints" name="test_model_summary" time="0.112" /></testsuite></testsuites>