<?xml version="1.0" encoding="utf-8"?><testsuites name="pytest tests"><testsuite name="pytest" errors="0" failures="10" skipped="0" tests="14" time="2.809" timestamp="2026-01-31T20:04:56.186259+00:00" hostname="agent-env-83559675-98b9-4248-a954-135498e525c8"><testcase classname="tests.test_rl_multimodel.TestBackendImports" name="test_rl_models_import" time="0.001"><failure message="ModuleNotFoundError: No module named 'ml_models'">tests/test_rl_multimodel.py:17: in test_rl_models_import
    from ml_models.rl_models import RLTrainer, DQNAgent, PPOAgent, build_rl_model
E   ModuleNotFoundError: No module named 'ml_models'</failure></testcase><testcase classname="tests.test_rl_multimodel.TestBackendImports" name="test_multi_model_ensemble_import" time="0.000"><failure message="ModuleNotFoundError: No module named 'ml_models'">tests/test_rl_multimodel.py:25: in test_multi_model_ensemble_import
    from ml_models.multi_model_ensemble import MultiModelEnsemble, ModelComparison
E   ModuleNotFoundError: No module named 'ml_models'</failure></testcase><testcase classname="tests.test_rl_multimodel.TestBackendImports" name="test_advanced_models_helpers_import" time="0.000"><failure message="ModuleNotFoundError: No module named 'ml_models'">tests/test_rl_multimodel.py:31: in test_advanced_models_helpers_import
    from ml_models.advanced_models import build_rl_agent, get_multi_model_ensemble
E   ModuleNotFoundError: No module named 'ml_models'</failure></testcase><testcase classname="tests.test_rl_multimodel.TestBackendImports" name="test_advanced_training_service_import" time="0.000"><failure message="ModuleNotFoundError: No module named 'services'">tests/test_rl_multimodel.py:37: in test_advanced_training_service_import
    from services.advanced_training_service import AdvancedTrainingService, advanced_training_service
E   ModuleNotFoundError: No module named 'services'</failure></testcase><testcase classname="tests.test_rl_multimodel.TestTrainingStatusAPI" name="test_get_advanced_training_status" time="0.095" /><testcase classname="tests.test_rl_multimodel.TestRLModelsStructure" name="test_dqn_agent_structure" time="0.000"><failure message="ModuleNotFoundError: No module named 'ml_models'">tests/test_rl_multimodel.py:69: in test_dqn_agent_structure
    from ml_models.rl_models import DQNAgent
E   ModuleNotFoundError: No module named 'ml_models'</failure></testcase><testcase classname="tests.test_rl_multimodel.TestRLModelsStructure" name="test_ppo_agent_structure" time="0.000"><failure message="ModuleNotFoundError: No module named 'ml_models'">tests/test_rl_multimodel.py:89: in test_ppo_agent_structure
    from ml_models.rl_models import PPOAgent
E   ModuleNotFoundError: No module named 'ml_models'</failure></testcase><testcase classname="tests.test_rl_multimodel.TestRLModelsStructure" name="test_rl_trainer_structure" time="0.000"><failure message="ModuleNotFoundError: No module named 'ml_models'">tests/test_rl_multimodel.py:107: in test_rl_trainer_structure
    from ml_models.rl_models import RLTrainer
E   ModuleNotFoundError: No module named 'ml_models'</failure></testcase><testcase classname="tests.test_rl_multimodel.TestMultiModelEnsembleStructure" name="test_multi_model_ensemble_structure" time="0.000"><failure message="ModuleNotFoundError: No module named 'ml_models'">tests/test_rl_multimodel.py:127: in test_multi_model_ensemble_structure
    from ml_models.multi_model_ensemble import MultiModelEnsemble
E   ModuleNotFoundError: No module named 'ml_models'</failure></testcase><testcase classname="tests.test_rl_multimodel.TestMultiModelEnsembleStructure" name="test_supported_models" time="0.000"><failure message="ModuleNotFoundError: No module named 'ml_models'">tests/test_rl_multimodel.py:148: in test_supported_models
    from ml_models.multi_model_ensemble import MultiModelEnsemble
E   ModuleNotFoundError: No module named 'ml_models'</failure></testcase><testcase classname="tests.test_rl_multimodel.TestMultiModelEnsembleStructure" name="test_ensemble_methods" time="0.000"><failure message="ModuleNotFoundError: No module named 'ml_models'">tests/test_rl_multimodel.py:157: in test_ensemble_methods
    from ml_models.multi_model_ensemble import MultiModelEnsemble
E   ModuleNotFoundError: No module named 'ml_models'</failure></testcase><testcase classname="tests.test_rl_multimodel.TestLLMChatStillWorks" name="test_llm_providers_endpoint" time="0.039" /><testcase classname="tests.test_rl_multimodel.TestLLMChatStillWorks" name="test_llm_chat_openai" time="2.527" /><testcase classname="tests.test_rl_multimodel.TestHealthEndpoint" name="test_health_check" time="0.034" /></testsuite></testsuites>