<?xml version="1.0" encoding="utf-8"?><testsuites name="pytest tests"><testsuite name="pytest" errors="0" failures="0" skipped="0" tests="14" time="5.596" timestamp="2026-01-31T20:05:27.226011+00:00" hostname="agent-env-83559675-98b9-4248-a954-135498e525c8"><testcase classname="tests.test_rl_multimodel.TestBackendImports" name="test_rl_models_import" time="2.509" /><testcase classname="tests.test_rl_multimodel.TestBackendImports" name="test_multi_model_ensemble_import" time="0.086" /><testcase classname="tests.test_rl_multimodel.TestBackendImports" name="test_advanced_models_helpers_import" time="0.000" /><testcase classname="tests.test_rl_multimodel.TestBackendImports" name="test_advanced_training_service_import" time="0.375" /><testcase classname="tests.test_rl_multimodel.TestTrainingStatusAPI" name="test_get_advanced_training_status" time="0.078" /><testcase classname="tests.test_rl_multimodel.TestRLModelsStructure" name="test_dqn_agent_structure" time="0.177" /><testcase classname="tests.test_rl_multimodel.TestRLModelsStructure" name="test_ppo_agent_structure" time="0.065" /><testcase classname="tests.test_rl_multimodel.TestRLModelsStructure" name="test_rl_trainer_structure" time="0.000" /><testcase classname="tests.test_rl_multimodel.TestMultiModelEnsembleStructure" name="test_multi_model_ensemble_structure" time="0.000" /><testcase classname="tests.test_rl_multimodel.TestMultiModelEnsembleStructure" name="test_supported_models" time="0.000" /><testcase classname="tests.test_rl_multimodel.TestMultiModelEnsembleStructure" name="test_ensemble_methods" time="0.000" /><testcase classname="tests.test_rl_multimodel.TestLLMChatStillWorks" name="test_llm_providers_endpoint" time="0.039" /><testcase classname="tests.test_rl_multimodel.TestLLMChatStillWorks" name="test_llm_chat_openai" time="2.153" /><testcase classname="tests.test_rl_multimodel.TestHealthEndpoint" name="test_health_check" time="0.037" /></testsuite></testsuites>